2026-05-30T14:50:48.405-04:00  INFO 1461522 --- [api] [SpringApplicationShutdownHook] o.s.boot.tomcat.GracefulShutdown         : Commencing graceful shutdown. Waiting for active requests to complete
2026-05-30T14:50:48.410-04:00  INFO 1461522 --- [api] [tomcat-shutdown] o.s.boot.tomcat.GracefulShutdown         : Graceful shutdown complete
2026-05-30T14:50:48.419-04:00  INFO 1461522 --- [api] [SpringApplicationShutdownHook] j.LocalContainerEntityManagerFactoryBean : Closing JPA EntityManagerFactory for persistence unit 'default'
2026-05-30T14:50:48.422-04:00  INFO 1461522 --- [api] [SpringApplicationShutdownHook] com.zaxxer.hikari.HikariDataSource       : HikariPool-1 - Shutdown initiated...
2026-05-30T14:50:48.424-04:00  INFO 1461522 --- [api] [SpringApplicationShutdownHook] com.zaxxer.hikari.HikariDataSource       : HikariPool-1 - Shutdown completed.
2026-05-30T14:50:51.543-04:00  INFO 1715151 --- [api] [main] io.github.ndr2084.api.ApiApplication     : Starting ApiApplication using Java 17.0.19 with PID 1715151 (/home/william/Desktop/WestEndCoop/api/target/classes started by william in /home/william/Desktop/WestEndCoop/api)
2026-05-30T14:50:51.546-04:00  INFO 1715151 --- [api] [main] io.github.ndr2084.api.ApiApplication     : No active profile set, falling back to 1 default profile: "default"
2026-05-30T14:50:52.182-04:00  INFO 1715151 --- [api] [main] .s.d.r.c.RepositoryConfigurationDelegate : Bootstrapping Spring Data JPA repositories in DEFAULT mode.
2026-05-30T14:50:52.221-04:00  INFO 1715151 --- [api] [main] .s.d.r.c.RepositoryConfigurationDelegate : Finished Spring Data repository scanning in 32 ms. Found 1 JPA repository interface.
2026-05-30T14:50:52.658-04:00  INFO 1715151 --- [api] [main] o.s.boot.tomcat.TomcatWebServer          : Tomcat initialized with port 8080 (http)
2026-05-30T14:50:52.668-04:00  INFO 1715151 --- [api] [main] o.apache.catalina.core.StandardService   : Starting service [Tomcat]
2026-05-30T14:50:52.668-04:00  INFO 1715151 --- [api] [main] o.apache.catalina.core.StandardEngine    : Starting Servlet engine: [Apache Tomcat/11.0.21]
2026-05-30T14:50:52.707-04:00  INFO 1715151 --- [api] [main] b.w.c.s.WebApplicationContextInitializer : Root WebApplicationContext: initialization completed in 1128 ms
2026-05-30T14:50:52.845-04:00  INFO 1715151 --- [api] [main] com.zaxxer.hikari.HikariDataSource       : HikariPool-1 - Starting...
2026-05-30T14:50:52.971-04:00  INFO 1715151 --- [api] [main] com.zaxxer.hikari.pool.HikariPool        : HikariPool-1 - Added connection org.postgresql.jdbc.PgConnection@53f7a906
2026-05-30T14:50:52.973-04:00  INFO 1715151 --- [api] [main] com.zaxxer.hikari.HikariDataSource       : HikariPool-1 - Start completed.
2026-05-30T14:50:53.069-04:00  INFO 1715151 --- [api] [main] org.hibernate.orm.jpa                    : HHH008540: Processing PersistenceUnitInfo [name: default]
2026-05-30T14:50:53.110-04:00  INFO 1715151 --- [api] [main] org.hibernate.orm.core                   : HHH000001: Hibernate ORM core version 7.2.12.Final
2026-05-30T14:50:53.437-04:00  INFO 1715151 --- [api] [main] o.s.o.j.p.SpringPersistenceUnitInfo      : No LoadTimeWeaver setup: ignoring JPA class transformer
2026-05-30T14:50:53.504-04:00  INFO 1715151 --- [api] [main] org.hibernate.orm.connections.pooling    : HHH10001005: Database info:
	Database JDBC URL [jdbc:postgresql://localhost:5432/postgres]
	Database driver: PostgreSQL JDBC Driver
	Database dialect: PostgreSQLDialect
	Database version: 18.1
	Default catalog/schema: postgres/public
	Autocommit mode: undefined/unknown
	Isolation level: READ_COMMITTED [default READ_COMMITTED]
	JDBC fetch size: none
	Pool: DataSourceConnectionProvider
	Minimum pool size: undefined/unknown
	Maximum pool size: undefined/unknown
2026-05-30T14:50:54.065-04:00  INFO 1715151 --- [api] [main] org.hibernate.orm.core                   : HHH000489: No JTA platform available (set 'hibernate.transaction.jta.platform' to enable JTA platform integration)
2026-05-30T14:50:54.118-04:00  INFO 1715151 --- [api] [main] j.LocalContainerEntityManagerFactoryBean : Initialized JPA EntityManagerFactory for persistence unit 'default'
2026-05-30T14:50:54.185-04:00  INFO 1715151 --- [api] [main] o.s.d.j.r.query.QueryEnhancerFactories   : Hibernate is in classpath; If applicable, HQL parser will be used.
2026-05-30T14:50:54.513-04:00  WARN 1715151 --- [api] [main] JpaBaseConfiguration$JpaWebConfiguration : spring.jpa.open-in-view is enabled by default. Therefore, database queries may be performed during view rendering. Explicitly configure spring.jpa.open-in-view to disable this warning
2026-05-30T14:50:54.913-04:00  WARN 1715151 --- [api] [main] ion$DefaultTemplateResolverConfiguration : Cannot find template location: classpath:/templates/ (please add some templates, check your Thymeleaf configuration, or set spring.thymeleaf.check-template-location=false)
2026-05-30T14:50:55.306-04:00  INFO 1715151 --- [api] [main] o.s.boot.tomcat.TomcatWebServer          : Tomcat started on port 8080 (http) with context path '/'
2026-05-30T14:50:55.313-04:00  INFO 1715151 --- [api] [main] io.github.ndr2084.api.ApiApplication     : Started ApiApplication in 4.136 seconds (process running for 4.598)
2026-05-30T14:52:12.047-04:00  INFO 1715151 --- [api] [SpringApplicationShutdownHook] o.s.boot.tomcat.GracefulShutdown         : Commencing graceful shutdown. Waiting for active requests to complete
2026-05-30T14:52:12.053-04:00  INFO 1715151 --- [api] [tomcat-shutdown] o.s.boot.tomcat.GracefulShutdown         : Graceful shutdown complete
2026-05-30T14:52:12.062-04:00  INFO 1715151 --- [api] [SpringApplicationShutdownHook] j.LocalContainerEntityManagerFactoryBean : Closing JPA EntityManagerFactory for persistence unit 'default'
2026-05-30T14:52:12.066-04:00  INFO 1715151 --- [api] [SpringApplicationShutdownHook] com.zaxxer.hikari.HikariDataSource       : HikariPool-1 - Shutdown initiated...
2026-05-30T14:52:12.069-04:00  INFO 1715151 --- [api] [SpringApplicationShutdownHook] com.zaxxer.hikari.HikariDataSource       : HikariPool-1 - Shutdown completed.
2026-05-30T14:52:14.897-04:00  INFO 1716379 --- [api] [main] io.github.ndr2084.api.ApiApplication     : Starting ApiApplication using Java 17.0.19 with PID 1716379 (/home/william/Desktop/WestEndCoop/api/target/classes started by william in /home/william/Desktop/WestEndCoop/api)
2026-05-30T14:52:14.901-04:00  INFO 1716379 --- [api] [main] io.github.ndr2084.api.ApiApplication     : No active profile set, falling back to 1 default profile: "default"
2026-05-30T14:52:15.563-04:00  INFO 1716379 --- [api] [main] .s.d.r.c.RepositoryConfigurationDelegate : Bootstrapping Spring Data JPA repositories in DEFAULT mode.
2026-05-30T14:52:15.601-04:00  INFO 1716379 --- [api] [main] .s.d.r.c.RepositoryConfigurationDelegate : Finished Spring Data repository scanning in 30 ms. Found 1 JPA repository interface.
2026-05-30T14:52:16.083-04:00  INFO 1716379 --- [api] [main] o.s.boot.tomcat.TomcatWebServer          : Tomcat initialized with port 8080 (http)
2026-05-30T14:52:16.093-04:00  INFO 1716379 --- [api] [main] o.apache.catalina.core.StandardService   : Starting service [Tomcat]
2026-05-30T14:52:16.093-04:00  INFO 1716379 --- [api] [main] o.apache.catalina.core.StandardEngine    : Starting Servlet engine: [Apache Tomcat/11.0.21]
2026-05-30T14:52:16.132-04:00  INFO 1716379 --- [api] [main] b.w.c.s.WebApplicationContextInitializer : Root WebApplicationContext: initialization completed in 1186 ms
2026-05-30T14:52:16.272-04:00  INFO 1716379 --- [api] [main] com.zaxxer.hikari.HikariDataSource       : HikariPool-1 - Starting...
2026-05-30T14:52:16.405-04:00  INFO 1716379 --- [api] [main] com.zaxxer.hikari.pool.HikariPool        : HikariPool-1 - Added connection org.postgresql.jdbc.PgConnection@4c2ab536
2026-05-30T14:52:16.407-04:00  INFO 1716379 --- [api] [main] com.zaxxer.hikari.HikariDataSource       : HikariPool-1 - Start completed.
2026-05-30T14:52:16.492-04:00  INFO 1716379 --- [api] [main] org.hibernate.orm.jpa                    : HHH008540: Processing PersistenceUnitInfo [name: default]
2026-05-30T14:52:16.529-04:00  INFO 1716379 --- [api] [main] org.hibernate.orm.core                   : HHH000001: Hibernate ORM core version 7.2.12.Final
2026-05-30T14:52:16.880-04:00  INFO 1716379 --- [api] [main] o.s.o.j.p.SpringPersistenceUnitInfo      : No LoadTimeWeaver setup: ignoring JPA class transformer
2026-05-30T14:52:16.951-04:00  INFO 1716379 --- [api] [main] org.hibernate.orm.connections.pooling    : HHH10001005: Database info:
	Database JDBC URL [jdbc:postgresql://localhost:5432/postgres]
	Database driver: PostgreSQL JDBC Driver
	Database dialect: PostgreSQLDialect
	Database version: 18.1
	Default catalog/schema: postgres/public
	Autocommit mode: undefined/unknown
	Isolation level: READ_COMMITTED [default READ_COMMITTED]
	JDBC fetch size: none
	Pool: DataSourceConnectionProvider
	Minimum pool size: undefined/unknown
	Maximum pool size: undefined/unknown
2026-05-30T14:52:17.540-04:00  INFO 1716379 --- [api] [main] org.hibernate.orm.core                   : HHH000489: No JTA platform available (set 'hibernate.transaction.jta.platform' to enable JTA platform integration)
2026-05-30T14:52:17.593-04:00  INFO 1716379 --- [api] [main] j.LocalContainerEntityManagerFactoryBean : Initialized JPA EntityManagerFactory for persistence unit 'default'
2026-05-30T14:52:17.657-04:00  INFO 1716379 --- [api] [main] o.s.d.j.r.query.QueryEnhancerFactories   : Hibernate is in classpath; If applicable, HQL parser will be used.
2026-05-30T14:52:17.967-04:00  WARN 1716379 --- [api] [main] JpaBaseConfiguration$JpaWebConfiguration : spring.jpa.open-in-view is enabled by default. Therefore, database queries may be performed during view rendering. Explicitly configure spring.jpa.open-in-view to disable this warning
2026-05-30T14:52:18.393-04:00  WARN 1716379 --- [api] [main] ion$DefaultTemplateResolverConfiguration : Cannot find template location: classpath:/templates/ (please add some templates, check your Thymeleaf configuration, or set spring.thymeleaf.check-template-location=false)
2026-05-30T14:52:18.769-04:00  INFO 1716379 --- [api] [main] o.s.boot.tomcat.TomcatWebServer          : Tomcat started on port 8080 (http) with context path '/'
2026-05-30T14:52:18.777-04:00  INFO 1716379 --- [api] [main] io.github.ndr2084.api.ApiApplication     : Started ApiApplication in 4.258 seconds (process running for 4.674)
2026-05-30T14:55:41.721-04:00  INFO 1716379 --- [api] [http-nio-8080-exec-1] o.a.c.c.C.[Tomcat].[localhost].[/]       : Initializing Spring DispatcherServlet 'dispatcherServlet'
2026-05-30T14:55:41.721-04:00  INFO 1716379 --- [api] [http-nio-8080-exec-1] o.s.web.servlet.DispatcherServlet        : Initializing Servlet 'dispatcherServlet'
2026-05-30T14:55:41.723-04:00  INFO 1716379 --- [api] [http-nio-8080-exec-1] o.s.web.servlet.DispatcherServlet        : Completed initialization in 1 ms
